ERROR 2026-03-10T17:18:14.787 ..\..\qModMaster\src\modbusadapter.cpp @ 136 Connection to IP :  "192.168.10.50" : 502 ...failed. Could not connect to TCP port 
ERROR 2026-03-10T17:19:22.033 ..\..\qModMaster\src\modbusadapter.cpp @ 136 Connection to IP :  "192.168.10.50" : 502 ...failed. Could not connect to TCP port 
ERROR 2026-03-10T17:19:25.501 ..\..\qModMaster\src\modbusadapter.cpp @ 136 Connection to IP :  "192.168.10.50" : 502 ...failed. Could not connect to TCP port 
ERROR 2026-03-10T17:20:15.470 ..\..\qModMaster\src\modbusadapter.cpp @ 136 Connection to IP :  "192.168.10.50" : 502 ...failed. Could not connect to TCP port 
ERROR 2026-03-11T14:08:32.608 ..\..\qModMaster\src\modbusadapter.cpp @ 136 Connection to IP :  "127.000.000.001" : 502 ...failed. Could not connect to TCP port 
ERROR 2026-03-11T14:13:42.359 ..\..\qModMaster\src\modbusadapter.cpp @ 291 Read Data failed.  "Error : No error" 
ERROR 2026-03-11T14:13:43.356 ..\..\qModMaster\src\modbusadapter.cpp @ 291 Read Data failed.  "Error : No error" 
ERROR 2026-03-11T14:13:44.347 ..\..\qModMaster\src\modbusadapter.cpp @ 291 Read Data failed.  "Error : No error" 
ERROR 2026-03-11T14:13:45.350 ..\..\qModMaster\src\modbusadapter.cpp @ 291 Read Data failed.  "Error : No error" 
ERROR 2026-03-11T14:13:46.348 ..\..\qModMaster\src\modbusadapter.cpp @ 291 Read Data failed.  "Error : No error" 
ERROR 2026-03-11T14:13:47.349 ..\..\qModMaster\src\modbusadapter.cpp @ 291 Read Data failed.  "Error : No error" 
ERROR 2026-03-11T14:13:48.361 ..\..\qModMaster\src\modbusadapter.cpp @ 291 Read Data failed.  "Error : No error" 
ERROR 2026-03-11T14:13:49.347 ..\..\qModMaster\src\modbusadapter.cpp @ 291 Read Data failed.  "Error : No error" 
ERROR 2026-03-11T14:13:50.352 ..\..\qModMaster\src\modbusadapter.cpp @ 291 Read Data failed.  "Error : No error" 
ERROR 2026-03-11T14:13:51.354 ..\..\qModMaster\src\modbusadapter.cpp @ 291 Read Data failed.  "Error : No error" 
ERROR 2026-03-11T14:13:52.348 ..\..\qModMaster\src\modbusadapter.cpp @ 291 Read Data failed.  "Error : No error" 
ERROR 2026-03-11T14:13:53.346 ..\..\qModMaster\src\modbusadapter.cpp @ 291 Read Data failed.  "Error : No error" 
ERROR 2026-03-11T14:13:54.349 ..\..\qModMaster\src\modbusadapter.cpp @ 291 Read Data failed.  "Error : No error" 
ERROR 2026-03-11T14:13:55.353 ..\..\qModMaster\src\modbusadapter.cpp @ 291 Read Data failed.  "Error : No error" 
ERROR 2026-03-11T14:13:56.347 ..\..\qModMaster\src\modbusadapter.cpp @ 291 Read Data failed.  "Error : No error" 
 WARN 2026-03-11T14:14:09.326 ..\..\qModMaster\src\mainwindow.cpp @ 179 TCP settings changes rejected  
 WARN 2026-03-11T15:02:58.824 ..\..\qModMaster\src\mainwindow.cpp @ 179 TCP settings changes rejected  
ERROR 2026-03-11T15:03:22.841 ..\..\qModMaster\src\modbusadapter.cpp @ 136 Connection to IP :  "192.168.10.51" : 502 ...failed. Could not connect to TCP port 
 WARN 2026-03-11T15:03:29.655 ..\..\qModMaster\src\mainwindow.cpp @ 179 TCP settings changes rejected  
ERROR 2026-03-11T15:05:07.705 ..\..\qModMaster\src\modbusadapter.cpp @ 136 Connection to IP :  "192.168.10.51" : 502 ...failed. Could not connect to TCP port 
 WARN 2026-03-11T15:06:02.601 ..\..\qModMaster\src\mainwindow.cpp @ 198 Settings changes rejected  
ERROR 2026-03-11T15:13:39.415 ..\..\qModMaster\src\modbusadapter.cpp @ 136 Connection to IP :  "192.168.1ERROR 2026-03-11T15:18:03.105 ..\..\qModMaster\src\modbusadapter.cpp @ 136 Connection to IP :  "192.168.10.51" : 502 ...failed. Could not connect to TCP port 
ERROR 2026-03-11T15:24:03.644 ..\..\qModMaster\src\modbusadapter.cpp @ 136 Connection to IP :  "192.168.10.51" : 502 ...failed. Could not connect to TCP port 
ERROR 2026-03-11T16:32:49.866 ..\..\qModMaster\src\modbusadapter.cpp @ 136 Connection to IP :  "192.168.10.50" : 502 ...failed. Could not connect to TCP port 
ERROR 2026-03-11T16:32:53.121 ..\..\qModMaster\src\modbusadapter.cpp @ 136 Connection to IP :  "192.168.10.50" : 502 ...failed. Could not connect to TCP port 
ERROR 2026-03-11T16:33:08.106 ..\..\qModMaster\src\modbusadapter.cpp @ 136 Connection to IP :  "192.168.10.50" : 502 ...failed. Could not connect to TCP port 
ERROR 2026-03-11T16:33:45.397 ..\..\qModMaster\src\modbusadapter.cpp @ 136 Connection to IP :  "192.168.10.50" : 502 ...failed. Could not connect to TCP port 
ERROR 2026-03-11T16:34:33.500 ..\..\qModMaster\src\modbusadapter.cpp @ 136 Connection to IP :  "192.168.10.50" : 502 ...failed. Could not connect to TCP port 
ERROR 2026-03-11T16:36:24.974 ..\..\qModMaster\src\modbusadapter.cpp @ 291 Read Data failed.  "Error : Timeout" 
ERROR 2026-03-11T16:36:35.757 ..\..\qModMaster\src\modbusadapter.cpp @ 291 Read Data failed.  "Error : Invalid data" 
ERROR 2026-03-11T16:37:36.106 ..\..\qModMaster\src\modbusadapter.cpp @ 291 Read Data failed.  "Error : Timeout" 
ERROR 2026-03-11T16:37:36.624 ..\..\qModMaster\src\modbusadapter.cpp @ 291 Read Data failed.  "Error : Timeout" 
ERROR 2026-03-11T16:38:30.984 ..\..\qModMaster\src\modbusadapter.cpp @ 136 Connection to IP :  "192.168.10.50" : 502 ...failed. Could not connect to TCP port 
ERROR 2026-03-11T16:39:00.266 ..\..\qModMaster\src\modbusadapter.cpp @ 401 Write Data failed.  "Error : Timeout" 
ERROR 2026-03-11T16:39:20.077 ..\..\qModMaster\src\modbusadapter.cpp @ 291 Read Data failed.  "Error : Invalid data" 
ERROR 2026-03-11T16:39:21.216 ..\..\qModMaster\src\modbusadapter.cpp @ 291 Read Data failed.  "Error : Invalid data" 
 WARN 2026-03-11T16:47:33.791 ..\..\qModMaster\src\mainwindow.cpp @ 179 TCP settings changes rejected  
 WARN 2026-03-11T16:47:41.754 ..\..\qModMaster\src\mainwindow.cpp @ 198 Settings changes rejected  
ERROR 2026-03-11T16:47:55.673 ..\..\qModMaster\forms\tools.cpp @ 201 Read diagnostics data failed.  "Error : Timeout" 
 WARN 2026-03-11T16:48:02.582 ..\..\qModMaster\src\mainwindow.cpp @ 198 Settings changes rejected  
ERROR 2026-03-11T16:48:05.772 ..\..\qModMaster\src\modbusadapter.cpp @ 291 Read Data failed.  "Error : Invalid data" 
ERROR 2026-03-11T16:48:21.444 ..\..\qModMaster\src\modbusadapter.cpp @ 291 Read Data failed.  "Error : Timeout" 
ERROR 2026-03-11T16:48:22.585 ..\..\qModMaster\src\modbusadapter.cpp @ 291 Read Data failed.  "Error : Invalid data" 
ERROR 2026-03-11T16:49:26.265 ..\..\qModMaster\src\modbusadapter.cpp @ 401 Write Data failed.  "Error : Timeout" 
ERROR 2026-03-11T16:54:59.044 ..\..\qModMaster\src\modbusadapter.cpp @ 291 Read Data failed.  "Error : No error" 
ERROR 2026-03-11T16:55:00.039 ..\..\qModMaster\src\modbusadapter.cpp @ 291 Read Data failed.  "Error : No error" 
ERROR 2026-03-11T16:55:01.063 ..\..\qModMaster\src\modbusadapter.cpp @ 291 Read Data failed.  "Error : No error" 
ERROR 2026-03-11T16:55:02.054 ..\..\qModMaster\src\modbusadapter.cpp @ 291 Read Data failed.  "Error : No error" 
ERROR 2026-03-11T16:55:03.063 ..\..\qModMaster\src\modbusadapter.cpp @ 291 Read Data failed.  "Error : No error" 
ERROR 2026-03-11T16:55:04.061 ..\..\qModMaster\src\modbusadapter.cpp @ 291 Read Data failed.  "Error : No error" 
ERROR 2026-03-11T16:55:05.061 ..\..\qModMaster\src\modbusadapter.cpp @ 291 Read Data failed.  "Error : No error" 
ERROR 2026-03-11T16:55:06.060 ..\..\qModMaster\src\modbusadapter.cpp @ 291 Read Data failed.  "Error : No error" 
ERROR 2026-03-11T16:55:07.072 ..\..\qModMaster\src\modbusadapter.cpp @ 291 Read Data failed.  "Error : No error" 
ERROR 2026-03-11T16:55:08.065 ..\..\qModMaster\src\modbusadapter.cpp @ 291 Read Data failed.  "Error : No error" 
ERROR 2026-03-11T16:55:09.080 ..\..\qModMaster\src\modbusadapter.cpp @ 291 Read Data failed.  "Error : No error" 
ERROR 2026-03-11T16:55:10.078 ..\..\qModMaster\src\modbusadapter.cpp @ 291 Read Data failed.  "Error : No error" 
ERROR 2026-03-11T16:55:11.078 ..\..\qModMaster\src\modbusadapter.cpp @ 291 Read Data failed.  "Error : No error" 
ERROR 2026-03-11T16:55:12.071 ..\..\qModMaster\src\modbusadapter.cpp @ 291 Read Data failed.  "Error : No error" 
ERROR 2026-03-11T16:55:13.071 ..\..\qModMaster\src\modbusadapter.cpp @ 291 Read Data failed.  "Error : No error" 
ERROR 2026-03-11T16:55:14.071 ..\..\qModMaster\src\modbusadapter.cpp @ 291 Read Data failed.  "Error : No error" 
ERROR 2026-03-11T16:55:15.075 ..\..\qModMaster\src\modbusadapter.cpp @ 291 Read Data failed.  "Error : No error" 
ERROR 2026-03-11T16:55:16.067 ..\..\qModMaster\src\modbusadapter.cpp @ 291 Read Data failed.  "Error : No error" 
ERROR 2026-03-11T16:55:17.077 ..\..\qModMaster\src\modbusadapter.cpp @ 291 Read Data failed.  "Error : No error" 
ERROR 2026-03-11T16:55:18.078 ..\..\qModMaster\src\modbusadapter.cpp @ 291 Read Data failed.  "Error : No error" 
ERROR 2026-03-11T16:55:19.078 ..\..\qModMaster\src\modbusadapter.cpp @ 291 Read Data failed.  "Error : No error" 
ERROR 2026-03-11T16:55:20.080 ..\..\qModMaster\src\modbusadapter.cpp @ 291 Read Data failed.  "Error : No error" 
ERROR 2026-03-11T16:55:21.076 ..\..\qModMaster\src\modbusadapter.cpp @ 291 Read Data failed.  "Error : No error" 
ERROR 2026-03-11T16:55:22.075 ..\..\qModMaster\src\modbusadapter.cpp @ 291 Read Data failed.  "Error : No error" 
ERROR 2026-03-11T16:55:23.067 ..\..\qModMaster\src\modbusadapter.cpp @ 291 Read Data failed.  "Error : No error" 
ERROR 2026-03-11T16:55:24.070 ..\..\qModMaster\src\modbusadapter.cpp @ 291 Read Data failed.  "Error : No error" 
ERROR 2026-03-11T16:55:25.068 ..\..\qModMaster\src\modbusadapter.cpp @ 291 Read Data failed.  "Error : No error" 
ERROR 2026-03-11T16:55:26.065 ..\..\qModMaster\src\modbusadapter.cpp @ 291 Read Data failed.  "Error : No error" 
ERROR 2026-03-11T16:55:27.079 ..\..\qModMaster\src\modbusadapter.cpp @ 291 Read Data failed.  "Error : No error" 
ERROR 2026-03-11T16:55:28.071 ..\..\qModMaster\src\modbusadapter.cpp @ 291 Read Data failed.  "Error : No error" 
ERROR 2026-03-11T16:55:29.072 ..\..\qModMaster\src\modbusadapter.cpp @ 291 Read Data failed.  "Error : No error" 
ERROR 2026-03-11T16:55:30.065 ..\..\qModMaster\src\modbusadapter.cpp @ 291 Read Data failed.  "Error : No error" 
ERROR 2026-03-11T16:55:31.079 ..\..\qModMaster\src\modbusadapter.cpp @ 291 Read Data failed.  "Error : No error" 
ERROR 2026-03-11T16:55:32.080 ..\..\qModMaster\src\modbusadapter.cpp @ 291 Read Data failed.  "Error : No error" 
ERROR 2026-03-11T16:55:33.094 ..\..\qModMaster\src\modbusadapter.cpp @ 291 Read Data failed.  "Error : No error" 
ERROR 2026-03-11T16:55:34.107 ..\..\qModMaster\src\modbusadapter.cpp @ 291 Read Data failed.  "Error : No error" 
ERROR 2026-03-11T16:55:35.117 ..\..\qModMaster\src\modbusadapter.cpp @ 291 Read Data failed.  "Error : No error" 
ERROR 2026-03-11T16:55:36.116 ..\..\qModMaster\src\modbusadapter.cpp @ 291 Read Data failed.  "Error : No error" 
ERROR 2026-03-11T16:55:37.123 ..\..\qModMaster\src\modbusadapter.cpp @ 291 Read Data failed.  "Error : No error" 
ERROR 2026-03-11T16:55:38.118 ..\..\qModMaster\src\modbusadapter.cpp @ 291 Read Data failed.  "Error : No error" 
ERROR 2026-03-11T16:55:39.117 ..\..\qModMaster\src\modbusadapter.cpp @ 291 Read Data failed.  "Error : No error" 
ERROR 2026-03-11T16:55:40.121 ..\..\qModMaster\src\modbusadapter.cpp @ 291 Read Data failed.  "Error : No error" 
ERROR 2026-03-11T16:56:22.917 ..\..\qModMaster\src\modbusadapter.cpp @ 136 Connection to IP :  "192.168.10.50" : 502 ...failed. Could not connect to TCP port 
ERROR 2026-03-11T16:56:38.201 ..\..\qModMaster\src\modbusadapter.cpp @ 136 Connection to IP :  "192.168.10.50" : 502 ...failed. Could not connect to TCP port 
ERROR 2026-03-11T16:56:42.230 ..\..\qModMaster\src\modbusadapter.cpp @ 136 Connection to IP :  "192.168.10.50" : 502 ...failed. Could not connect to TCP port 
ERROR 2026-03-11T16:59:22.007 ..\..\qModMaster\src\modbusadapter.cpp @ 136 Connection to IP :  "192.168.10.50" : 502 ...failed. Could not connect to TCP port 
ERROR 2026-03-11T16:59:27.493 ..\..\qModMaster\src\modbusadapter.cpp @ 136 Connection to IP :  "192.168.10.50" : 502 ...failed. Could not connect to TCP port 
ERROR 2026-03-11T16:59:34.488 ..\..\qModMaster\src\modbusadapter.cpp @ 136 Connection to IP :  "192.168.10.50" : 502 ...failed. Could not connect to TCP port 
ERROR 2026-03-11T16:59:56.658 ..\..\qModMaster\src\modbusadapter.cpp @ 136 Connection to IP :  "192.168.10.51" : 502 ...failed. Could not connect to TCP port 
ERROR 2026-03-11T17:00:47.424 ..\..\qModMaster\src\modbusadapter.cpp @ 401 Write Data failed.  "Error : Timeout" 
ERROR 2026-03-11T17:01:11.551 ..\..\qModMaster\src\modbusadapter.cpp @ 401 Write Data failed.  "Error : Invalid data" 
ERROR 2026-03-13T12:12:49.830 ..\..\qModMaster\src\modbusadapter.cpp @ 136 Connection to IP :  "192.168.10.51" : 502 ...failed. Could not connect to TCP port 
ERROR 2026-03-13T12:13:15.373 ..\..\qModMaster\src\modbusadapter.cpp @ 136 Connection to IP :  "192.168.10.50" : 502 ...failed. Could not connect to TCP port 
ERROR 2026-03-13T12:13:20.370 ..\..\qModMaster\src\modbusadapter.cpp @ 136 Connection to IP :  "192.168.10.50" : 502 ...failed. Could not connect to TCP port 
 WARN 2026-03-13T12:13:24.149 ..\..\qModMaster\src\mainwindow.cpp @ 179 TCP settings changes rejected  
 WARN 2026-03-13T12:13:27.943 ..\..\qModMaster\src\mainwindow.cpp @ 179 TCP settings changes rejected  
ERROR 2026-03-13T12:13:30.515 ..\..\qModMaster\src\modbusadapter.cpp @ 136 Connection to IP :  "192.168.10.50" : 502 ...failed. Could not connect to TCP port 
ERROR 2026-03-13T12:13:36.479 ..\..\qModMaster\src\modbusadapter.cpp @ 136 Connection to IP :  "192.168.10.50" : 502 ...failed. Could not connect to TCP port 
ERROR 2026-03-13T12:13:37.722 ..\..\qModMaster\src\modbusadapter.cpp @ 136 Connection to IP :  "192.168.10.50" : 502 ...failed. Could not connect to TCP port 
ERROR 2026-03-13T12:16:53.721 ..\..\qModMaster\src\modbusadapter.cpp @ 291 Read Data failed.  "Error : Timeout" 
ERROR 2026-03-13T12:16:54.225 ..\..\qModMaster\src\modbusadapter.cpp @ 291 Read Data failed.  "Error : Timeout" 
ERROR 2026-03-13T12:16:57.881 ..\..\qModMaster\src\modbusadapter.cpp @ 291 Read Data failed.  "Error : Invalid data" 
ERROR 2026-03-13T12:17:42.915 ..\..\qModMaster\src\modbusadapter.cpp @ 291 Read Data failed.  "Error : Timeout" 
ERROR 2026-03-13T12:17:45.656 ..\..\qModMaster\src\modbusadapter.cpp @ 291 Read Data failed.  "Error : Invalid data" 
ERROR 2026-03-13T12:18:04.455 ..\..\qModMaster\src\modbusadapter.cpp @ 291 Read Data failed.  "Error : Illegal data value" 
ERROR 2026-03-13T12:18:04.459 ..\..\qModMaster\src\modbusadapter.cpp @ 291 Read Data failed.  "Error : Illegal data value" 
ERROR 2026-03-13T12:18:04.463 ..\..\qModMaster\src\modbusadapter.cpp @ 291 Read Data failed.  "Error : Illegal data value" 
ERROR 2026-03-13T12:18:11.374 ..\..\qModMaster\src\modbusadapter.cpp @ 291 Read Data failed.  "Error : Timeout" 
ERROR 2026-03-13T12:18:14.529 ..\..\qModMaster\src\modbusadapter.cpp @ 291 Read Data failed.  "Error : Invalid data" 
ERROR 2026-03-13T12:18:30.780 ..\..\qModMaster\src\modbusadapter.cpp @ 291 Read Data failed.  "Error : Timeout" 
ERROR 2026-03-13T12:19:05.855 ..\..\qModMaster\src\modbusadapter.cpp @ 401 Write Data failed.  "Error : Invalid data" 
ERROR 2026-03-13T12:19:06.370 ..\..\qModMaster\src\modbusadapter.cpp @ 291 Read Data failed.  "Error : Timeout" 
ERROR 2026-03-13T12:19:08.121 ..\..\qModMaster\src\modbusadapter.cpp @ 401 Write Data failed.  "Error : Invalid data" 
 WARN 2026-03-13T12:22:31.871 ..\..\qModMaster\src\mainwindow.cpp @ 198 Settings changes rejected  
ERROR 2026-03-13T12:22:36.826 ..\..\qModMaster\src\modbusadapter.cpp @ 291 Read Data failed.  "Error : Timeout" 
ERROR 2026-03-13T12:22:42.462 ..\..\qModMaster\src\modbusadapter.cpp @ 401 Write Data failed.  "Error : Invalid data" 
ERROR 2026-03-13T12:25:50.858 ..\..\qModMaster\src\modbusadapter.cpp @ 401 Write Data failed.  "Error : Timeout" 
ERROR 2026-03-13T12:26:14.366 ..\..\qModMaster\src\modbusadapter.cpp @ 291 Read Data failed.  "Error : Invalid data" 
ERROR 2026-03-13T12:26:15.481 ..\..\qModMaster\src\modbusadapter.cpp @ 291 Read Data failed.  "Error : Invalid data" 
ERROR 2026-03-13T12:27:23.986 ..\..\qModMaster\src\modbusadapter.cpp @ 291 Read Data failed.  "Error : No error" 
ERROR 2026-03-13T12:27:24.964 ..\..\qModMaster\src\modbusadapter.cpp @ 291 Read Data failed.  "Error : No error" 
ERROR 2026-03-13T12:27:25.958 ..\..\qModMaster\src\modbusadapter.cpp @ 291 Read Data failed.  "Error : No error" 
ERROR 2026-03-13T12:27:26.952 ..\..\qModMaster\src\modbusadapter.cpp @ 291 Read Data failed.  "Error : No error" 
ERROR 2026-03-13T12:27:27.963 ..\..\qModMaster\src\modbusadapter.cpp @ 291 Read Data failed.  "Error : No error" 
ERROR 2026-03-13T12:27:28.974 ..\..\qModMaster\src\modbusadapter.cpp @ 291 Read Data failed.  "Error : No error" 
ERROR 2026-03-13T12:27:29.975 ..\..\qModMaster\src\modbusadapter.cpp @ 291 Read Data failed.  "Error : No error" 
ERROR 2026-03-13T12:27:30.977 ..\..\qModMaster\src\modbusadapter.cpp @ 291 Read Data failed.  "Error : No error" 
ERROR 2026-03-13T12:27:31.978 ..\..\qModMaster\src\modbusadapter.cpp @ 291 Read Data failed.  "Error : No error" 
ERROR 2026-03-13T12:27:32.982 ..\..\qModMaster\src\modbusadapter.cpp @ 291 Read Data failed.  "Error : No error" 
ERROR 2026-03-13T12:27:33.993 ..\..\qModMaster\src\modbusadapter.cpp @ 291 Read Data failed.  "Error : No error" 
ERROR 2026-03-13T12:27:34.985 ..\..\qModMaster\src\modbusadapter.cpp @ 291 Read Data failed.  "Error : No error" 
ERROR 2026-03-13T12:27:35.987 ..\..\qModMaster\src\modbusadapter.cpp @ 291 Read Data failed.  "Error : No error" 
ERROR 2026-03-13T12:27:37.011 ..\..\qModMaster\src\modbusadapter.cpp @ 291 Read Data failed.  "Error : No error" 
ERROR 2026-03-13T12:27:38.009 ..\..\qModMaster\src\modbusadapter.cpp @ 291 Read Data failed.  "Error : No error" 
ERROR 2026-03-13T12:27:39.009 ..\..\qModMaster\src\modbusadapter.cpp @ 291 Read Data failed.  "Error : No error" 
ERROR 2026-03-13T12:27:40.008 ..\..\qModMaster\src\modbusadapter.cpp @ 291 Read Data failed.  "Error : No error" 
ERROR 2026-03-13T12:27:41.008 ..\..\qModMaster\src\modbusadapter.cpp @ 291 Read Data failed.  "Error : No error" 
ERROR 2026-03-13T12:27:42.010 ..\..\qModMaster\src\modbusadapter.cpp @ 291 Read Data failed.  "Error : No error" 
ERROR 2026-03-13T12:27:43.007 ..\..\qModMaster\src\modbusadapter.cpp @ 291 Read Data failed.  "Error : No error" 
ERROR 2026-03-13T12:27:44.004 ..\..\qModMaster\src\modbusadapter.cpp @ 291 Read Data failed.  "Error : No error" 
ERROR 2026-03-13T12:27:45.006 ..\..\qModMaster\src\modbusadapter.cpp @ 291 Read Data failed.  "Error : No error" 
ERROR 2026-03-13T12:27:46.004 ..\..\qModMaster\src\modbusadapter.cpp @ 291 Read Data failed.  "Error : No error" 
ERROR 2026-03-13T12:27:47.000 ..\..\qModMaster\src\modbusadapter.cpp @ 291 Read Data failed.  "Error : No error" 
ERROR 2026-03-13T12:27:47.999 ..\..\qModMaster\src\modbusadapter.cpp @ 291 Read Data failed.  "Error : No error" 
ERROR 2026-03-13T12:27:49.015 ..\..\qModMaster\src\modbusadapter.cpp @ 291 Read Data failed.  "Error : No error" 
ERROR 2026-03-13T12:27:50.029 ..\..\qModMaster\src\modbusadapter.cpp @ 291 Read Data failed.  "Error : No error" 
ERROR 2026-03-13T12:27:51.040 ..\..\qModMaster\src\modbusadapter.cpp @ 291 Read Data failed.  "Error : No error" 
ERROR 2026-03-13T12:27:52.042 ..\..\qModMaster\src\modbusadapter.cpp @ 291 Read Data failed.  "Error : No error" 
ERROR 2026-03-13T12:27:53.042 ..\..\qModMaster\src\modbusadapter.cpp @ 291 Read Data failed.  "Error : No error" 
ERROR 2026-03-13T12:27:54.039 ..\..\qModMaster\src\modbusadapter.cpp @ 291 Read Data failed.  "Error : No error" 
ERROR 2026-03-13T12:27:55.036 ..\..\qModMaster\src\modbusadapter.cpp @ 291 Read Data failed.  "Error : No error" 
ERROR 2026-03-13T12:27:56.035 ..\..\qModMaster\src\modbusadapter.cpp @ 291 Read Data failed.  "Error : No error" 
ERROR 2026-03-13T12:27:57.033 ..\..\qModMaster\src\modbusadapter.cpp @ 291 Read Data failed.  "Error : No error" 
ERROR 2026-03-13T12:27:58.031 ..\..\qModMaster\src\modbusadapter.cpp @ 291 Read Data failed.  "Error : No error" 
ERROR 2026-03-13T12:27:59.033 ..\..\qModMaster\src\modbusadapter.cpp @ 291 Read Data failed.  "Error : No error" 
ERROR 2026-03-13T12:28:00.037 ..\..\qModMaster\src\modbusadapter.cpp @ 291 Read Data failed.  "Error : No error" 
ERROR 2026-03-13T12:28:01.039 ..\..\qModMaster\src\modbusadapter.cpp @ 291 Read Data failed.  "Error : No error" 
ERROR 2026-03-13T12:28:02.038 ..\..\qModMaster\src\modbusadapter.cpp @ 291 Read Data failed.  "Error : No error" 
ERROR 2026-03-13T12:28:03.039 ..\..\qModMaster\src\modbusadapter.cpp @ 291 Read Data failed.  "Error : No error" 
ERROR 2026-03-13T12:28:04.054 ..\..\qModMaster\src\modbusadapter.cpp @ 291 Read Data failed.  "Error : No error" 
ERROR 2026-03-13T12:28:05.057 ..\..\qModMaster\src\modbusadapter.cpp @ 291 Read Data failed.  "Error : No error" 
ERROR 2026-03-13T12:28:06.055 ..\..\qModMaster\src\modbusadapter.cpp @ 291 Read Data failed.  "Error : No error" 
ERROR 2026-03-13T12:28:07.060 ..\..\qModMaster\src\modbusadapter.cpp @ 291 Read Data failed.  "Error : No error" 
ERROR 2026-03-13T12:28:08.049 ..\..\qModMaster\src\modbusadapter.cpp @ 291 Read Data failed.  "Error : No error" 
ERROR 2026-03-13T12:28:09.050 ..\..\qModMaster\src\modbusadapter.cpp @ 291 Read Data failed.  "Error : No error" 
ERROR 2026-03-13T12:28:10.061 ..\..\qModMaster\src\modbusadapter.cpp @ 291 Read Data failed.  "Error : No error" 
ERROR 2026-03-13T12:28:11.057 ..\..\qModMaster\src\modbusadapter.cpp @ 291 Read Data failed.  "Error : No error" 
ERROR 2026-03-13T12:28:12.058 ..\..\qModMaster\src\modbusadapter.cpp @ 291 Read Data failed.  "Error : No error" 
ERROR 2026-03-13T12:28:13.059 ..\..\qModMaster\src\modbusadapter.cpp @ 291 Read Data failed.  "Error : No error" 
ERROR 2026-03-13T12:28:14.061 ..\..\qModMaster\src\modbusadapter.cpp @ 291 Read Data failed.  "Error : No error" 
ERROR 2026-03-13T12:28:15.071 ..\..\qModMaster\src\modbusadapter.cpp @ 291 Read Data failed.  "Error : No error" 
ERROR 2026-03-13T12:28:16.074 ..\..\qModMaster\src\modbusadapter.cpp @ 291 Read Data failed.  "Error : No error" 
ERROR 2026-03-13T12:28:17.074 ..\..\qModMaster\src\modbusadapter.cpp @ 291 Read Data failed.  "Error : No error" 
ERROR 2026-03-13T12:28:18.073 ..\..\qModMaster\src\modbusadapter.cpp @ 291 Read Data failed.  "Error : No error" 
ERROR 2026-03-13T12:28:19.072 ..\..\qModMaster\src\modbusadapter.cpp @ 291 Read Data failed.  "Error : No error" 
ERROR 2026-03-13T12:28:20.073 ..\..\qModMaster\src\modbusadapter.cpp @ 291 Read Data failed.  "Error : No error" 
ERROR 2026-03-13T12:28:21.076 ..\..\qModMaster\src\modbusadapter.cpp @ 291 Read Data failed.  "Error : No error" 
ERROR 2026-03-13T12:28:22.075 ..\..\qModMaster\src\modbusadapter.cpp @ 291 Read Data failed.  "Error : No error" 
ERROR 2026-03-13T12:28:23.072 ..\..\qModMaster\src\modbusadapter.cpp @ 291 Read Data failed.  "Error : No error" 
ERROR 2026-03-13T12:28:24.063 ..\..\qModMaster\src\modbusadapter.cpp @ 291 Read Data failed.  "Error : No error" 
ERROR 2026-03-13T12:28:25.091 ..\..\qModMaster\src\modbusadapter.cpp @ 291 Read Data failed.  "Error : No error" 
ERROR 2026-03-13T12:28:26.093 ..\..\qModMaster\src\modbusadapter.cpp @ 291 Read Data failed.  "Error : No error" 
ERROR 2026-03-13T12:28:27.122 ..\..\qModMaster\src\modbusadapter.cpp @ 291 Read Data failed.  "Error : No error" 
ERROR 2026-03-13T12:28:28.118 ..\..\qModMaster\src\modbusadapter.cpp @ 291 Read Data failed.  "Error : No error" 
ERROR 2026-03-13T12:28:29.118 ..\..\qModMaster\src\modbusadapter.cpp @ 291 Read Data failed.  "Error : No error" 
ERROR 2026-03-13T12:28:30.118 ..\..\qModMaster\src\modbusadapter.cpp @ 291 Read Data failed.  "Error : No error" 
ERROR 2026-03-13T12:28:31.116 ..\..\qModMaster\src\modbusadapter.cpp @ 291 Read Data failed.  "Error : No error" 
ERROR 2026-03-13T12:28:32.119 ..\..\qModMaster\src\modbusadapter.cpp @ 291 Read Data failed.  "Error : No error" 
ERROR 2026-03-13T12:28:33.109 ..\..\qModMaster\src\modbusadapter.cpp @ 291 Read Data failed.  "Error : No error" 
ERROR 2026-03-13T12:28:34.112 ..\..\qModMaster\src\modbusadapter.cpp @ 291 Read Data failed.  "Error : No error" 
ERROR 2026-03-13T12:28:35.120 ..\..\qModMaster\src\modbusadapter.cpp @ 291 Read Data failed.  "Error : No error" 
ERROR 2026-03-13T12:28:36.122 ..\..\qModMaster\src\modbusadapter.cpp @ 291 Read Data failed.  "Error : No error" 
ERROR 2026-03-13T12:28:37.119 ..\..\qModMaster\src\modbusadapter.cpp @ 291 Read Data failed.  "Error : No error" 
ERROR 2026-03-13T12:28:38.130 ..\..\qModMaster\src\modbusadapter.cpp @ 291 Read Data failed.  "Error : No error" 
ERROR 2026-03-13T12:28:39.125 ..\..\qModMaster\src\modbusadapter.cpp @ 291 Read Data failed.  "Error : No error" 
ERROR 2026-03-13T12:28:40.126 ..\..\qModMaster\src\modbusadapter.cpp @ 291 Read Data failed.  "Error : No error" 
ERROR 2026-03-13T12:28:41.151 ..\..\qModMaster\src\modbusadapter.cpp @ 291 Read Data failed.  "Error : No error" 
ERROR 2026-03-13T12:28:42.170 ..\..\qModMaster\src\modbusadapter.cpp @ 291 Read Data failed.  "Error : No error" 
ERROR 2026-03-13T12:28:43.157 ..\..\qModMaster\src\modbusadapter.cpp @ 291 Read Data failed.  "Error : No error" 
ERROR 2026-03-13T12:28:44.158 ..\..\qModMaster\src\modbusadapter.cpp @ 291 Read Data failed.  "Error : No error" 
ERROR 2026-03-13T12:28:45.170 ..\..\qModMaster\src\modbusadapter.cpp @ 291 Read Data failed.  "Error : No error" 
ERROR 2026-03-13T12:28:46.169 ..\..\qModMaster\src\modbusadapter.cpp @ 291 Read Data failed.  "Error : No error" 
ERROR 2026-03-13T12:28:47.161 ..\..\qModMaster\src\modbusadapter.cpp @ 291 Read Data failed.  "Error : No error" 
ERROR 2026-03-13T12:28:48.164 ..\..\qModMaster\src\modbusadapter.cpp @ 291 Read Data failed.  "Error : No error" 
ERROR 2026-03-13T12:28:49.162 ..\..\qModMaster\src\modbusadapter.cpp @ 291 Read Data failed.  "Error : No error" 
ERROR 2026-03-13T12:28:50.158 ..\..\qModMaster\src\modbusadapter.cpp @ 291 Read Data failed.  "Error : No error" 
ERROR 2026-03-13T12:28:51.164 ..\..\qModMaster\src\modbusadapter.cpp @ 291 Read Data failed.  "Error : No error" 
ERROR 2026-03-13T12:28:52.164 ..\..\qModMaster\src\modbusadapter.cpp @ 291 Read Data failed.  "Error : No error" 
ERROR 2026-03-13T12:28:53.160 ..\..\qModMaster\src\modbusadapter.cpp @ 291 Read Data failed.  "Error : No error" 
ERROR 2026-03-13T12:28:54.160 ..\..\qModMaster\src\modbusadapter.cpp @ 291 Read Data failed.  "Error : No error" 
ERROR 2026-03-13T12:28:55.166 ..\..\qModMaster\src\modbusadapter.cpp @ 291 Read Data failed.  "Error : No error" 
ERROR 2026-03-13T12:28:56.168 ..\..\qModMaster\src\modbusadapter.cpp @ 291 Read Data failed.  "Error : No error" 
ERROR 2026-03-13T12:28:57.169 ..\..\qModMaster\src\modbusadapter.cpp @ 291 Read Data failed.  "Error : No error" 
ERROR 2026-03-13T12:28:58.162 ..\..\qModMaster\src\modbusadapter.cpp @ 291 Read Data failed.  "Error : No error" 
ERROR 2026-03-13T12:28:59.169 ..\..\qModMaster\src\modbusadapter.cpp @ 291 Read Data failed.  "Error : No error" 
ERROR 2026-03-13T12:29:00.162 ..\..\qModMaster\src\modbusadapter.cpp @ 291 Read Data failed.  "Error : No error" 
ERROR 2026-03-13T12:29:01.162 ..\..\qModMaster\src\modbusadapter.cpp @ 291 Read Data failed.  "Error : No error" 
ERROR 2026-03-13T12:29:02.155 ..\..\qModMaster\src\modbusadapter.cpp @ 291 Read Data failed.  "Error : No error" 
ERROR 2026-03-13T12:29:03.169 ..\..\qModMaster\src\modbusadapter.cpp @ 291 Read Data failed.  "Error : No error" 
ERROR 2026-03-13T12:29:04.158 ..\..\qModMaster\src\modbusadapter.cpp @ 291 Read Data failed.  "Error : No error" 
ERROR 2026-03-13T12:29:05.164 ..\..\qModMaster\src\modbusadapter.cpp @ 291 Read Data failed.  "Error : No error" 
ERROR 2026-03-13T12:29:06.156 ..\..\qModMaster\src\modbusadapter.cpp @ 291 Read Data failed.  "Error : No error" 
ERROR 2026-03-13T12:29:07.158 ..\..\qModMaster\src\modbusadapter.cpp @ 291 Read Data failed.  "Error : No error" 
ERROR 2026-03-13T12:29:08.155 ..\..\qModMaster\src\modbusadapter.cpp @ 291 Read Data failed.  "Error : No error" 
ERROR 2026-03-13T12:29:09.185 ..\..\qModMaster\src\modbusadapter.cpp @ 291 Read Data failed.  "Error : No error" 
ERROR 2026-03-13T12:29:10.185 ..\..\qModMaster\src\modbusadapter.cpp @ 291 Read Data failed.  "Error : No error" 
ERROR 2026-03-13T12:29:11.192 ..\..\qModMaster\src\modbusadapter.cpp @ 291 Read Data failed.  "Error : No error" 
ERROR 2026-03-13T12:29:12.196 ..\..\qModMaster\src\modbusadapter.cpp @ 291 Read Data failed.  "Error : No error" 
ERROR 2026-03-13T12:29:13.193 ..\..\qModMaster\src\modbusadapter.cpp @ 291 Read Data failed.  "Error : No error" 
ERROR 2026-03-13T12:29:14.189 ..\..\qModMaster\src\modbusadapter.cpp @ 291 Read Data failed.  "Error : No error" 
ERROR 2026-03-13T12:29:15.187 ..\..\qModMaster\src\modbusadapter.cpp @ 291 Read Data failed.  "Error : No error" 
ERROR 2026-03-13T12:29:16.204 ..\..\qModMaster\src\modbusadapter.cpp @ 291 Read Data failed.  "Error : No error" 
ERROR 2026-03-13T12:29:17.214 ..\..\qModMaster\src\modbusadapter.cpp @ 291 Read Data failed.  "Error : No error" 
ERROR 2026-03-13T12:29:18.207 ..\..\qModMaster\src\modbusadapter.cpp @ 291 Read Data failed.  "Error : No error" 
ERROR 2026-03-13T12:29:19.210 ..\..\qModMaster\src\modbusadapter.cpp @ 291 Read Data failed.  "Error : No error" 
ERROR 2026-03-13T12:29:20.204 ..\..\qModMaster\src\modbusadapter.cpp @ 291 Read Data failed.  "Error : No error" 
ERROR 2026-03-13T12:29:21.203 ..\..\qModMaster\src\modbusadapter.cpp @ 291 Read Data failed.  "Error : No error" 
ERROR 2026-03-13T12:29:22.206 ..\..\qModMaster\src\modbusadapter.cpp @ 291 Read Data failed.  "Error : No error" 
ERROR 2026-03-13T12:29:23.207 ..\..\qModMaster\src\modbusadapter.cpp @ 291 Read Data failed.  "Error : No error" 
ERROR 2026-03-13T12:29:24.207 ..\..\qModMaster\src\modbusadapter.cpp @ 291 Read Data failed.  "Error : No error" 
ERROR 2026-03-13T12:29:25.208 ..\..\qModMaster\src\modbusadapter.cpp @ 291 Read Data failed.  "Error : No error" 
ERROR 2026-03-13T12:29:26.205 ..\..\qModMaster\src\modbusadapter.cpp @ 291 Read Data failed.  "Error : No error" 
ERROR 2026-03-13T12:29:27.212 ..\..\qModMaster\src\modbusadapter.cpp @ 291 Read Data failed.  "Error : No error" 
ERROR 2026-03-13T12:29:28.205 ..\..\qModMaster\src\modbusadapter.cpp @ 291 Read Data failed.  "Error : No error" 
ERROR 2026-03-13T12:29:29.209 ..\..\qModMaster\src\modbusadapter.cpp @ 291 Read Data failed.  "Error : No error" 
ERROR 2026-03-13T12:29:30.204 ..\..\qModMaster\src\modbusadapter.cpp @ 291 Read Data failed.  "Error : No error" 
ERROR 2026-03-13T12:29:31.204 ..\..\qModMaster\src\modbusadapter.cpp @ 291 Read Data failed.  "Error : No error" 
ERROR 2026-03-13T12:29:32.209 ..\..\qModMaster\src\modbusadapter.cpp @ 291 Read Data failed.  "Error : No error" 
ERROR 2026-03-13T12:29:33.206 ..\..\qModMaster\src\modbusadapter.cpp @ 291 Read Data failed.  "Error : No error" 
ERROR 2026-03-13T12:29:34.215 ..\..\qModMaster\src\modbusadapter.cpp @ 291 Read Data failed.  "Error : No error" 
ERROR 2026-03-13T12:29:35.208 ..\..\qModMaster\src\modbusadapter.cpp @ 291 Read Data failed.  "Error : No error" 
ERROR 2026-03-13T12:29:36.213 ..\..\qModMaster\src\modbusadapter.cpp @ 291 Read Data failed.  "Error : No error" 
ERROR 2026-03-13T12:29:37.207 ..\..\qModMaster\src\modbusadapter.cpp @ 291 Read Data failed.  "Error : No error" 
ERROR 2026-03-13T12:29:38.206 ..\..\qModMaster\src\modbusadapter.cpp @ 291 Read Data failed.  "Error : No error" 
ERROR 2026-03-13T12:29:39.204 ..\..\qModMaster\src\modbusadapter.cpp @ 291 Read Data failed.  "Error : No error" 
ERROR 2026-03-13T12:29:40.205 ..\..\qModMaster\src\modbusadapter.cpp @ 291 Read Data failed.  "Error : No error" 
ERROR 2026-03-13T12:29:41.217 ..\..\qModMaster\src\modbusadapter.cpp @ 291 Read Data failed.  "Error : No error" 
ERROR 2026-03-13T12:29:42.206 ..\..\qModMaster\src\modbusadapter.cpp @ 291 Read Data failed.  "Error : No error" 
ERROR 2026-03-13T12:29:43.217 ..\..\qModMaster\src\modbusadapter.cpp @ 291 Read Data failed.  "Error : No error" 
ERROR 2026-03-13T12:29:44.206 ..\..\qModMaster\src\modbusadapter.cpp @ 291 Read Data failed.  "Error : No error" 
ERROR 2026-03-13T12:29:45.204 ..\..\qModMaster\src\modbusadapter.cpp @ 291 Read Data failed.  "Error : No error" 
ERROR 2026-03-13T12:29:46.215 ..\..\qModMaster\src\modbusadapter.cpp @ 291 Read Data failed.  "Error : No error" 
ERROR 2026-03-13T12:29:47.216 ..\..\qModMaster\src\modbusadapter.cpp @ 291 Read Data failed.  "Error : No error" 
ERROR 2026-03-13T12:29:48.211 ..\..\qModMaster\src\modbusadapter.cpp @ 291 Read Data failed.  "Error : No error" 
ERROR 2026-03-13T12:29:49.214 ..\..\qModMaster\src\modbusadapter.cpp @ 291 Read Data failed.  "Error : No error" 
ERROR 2026-03-13T12:29:50.214 ..\..\qModMaster\src\modbusadapter.cpp @ 291 Read Data failed.  "Error : No error" 
ERROR 2026-03-13T12:29:51.213 ..\..\qModMaster\src\modbusadapter.cpp @ 291 Read Data failed.  "Error : No error" 
ERROR 2026-03-13T12:29:52.214 ..\..\qModMaster\src\modbusadapter.cpp @ 291 Read Data failed.  "Error : No error" 
ERROR 2026-03-13T12:29:53.212 ..\..\qModMaster\src\modbusadapter.cpp @ 291 Read Data failed.  "Error : No error" 
ERROR 2026-03-13T12:29:54.208 ..\..\qModMaster\src\modbusadapter.cpp @ 291 Read Data failed.  "Error : No error" 
ERROR 2026-03-13T12:29:55.217 ..\..\qModMaster\src\modbusadapter.cpp @ 291 Read Data failed.  "Error : No error" 
ERROR 2026-03-13T12:29:56.233 ..\..\qModMaster\src\modbusadapter.cpp @ 291 Read Data failed.  "Error : No error" 
ERROR 2026-03-13T12:29:57.235 ..\..\qModMaster\src\modbusadapter.cpp @ 291 Read Data failed.  "Error : No error" 
ERROR 2026-03-13T12:29:58.234 ..\..\qModMaster\src\modbusadapter.cpp @ 291 Read Data failed.  "Error : No error" 
ERROR 2026-03-13T12:29:59.245 ..\..\qModMaster\src\modbusadapter.cpp @ 291 Read Data failed.  "Error : No error" 
ERROR 2026-03-13T12:30:00.243 ..\..\qModMaster\src\modbusadapter.cpp @ 291 Read Data failed.  "Error : No error" 
ERROR 2026-03-13T12:30:01.240 ..\..\qModMaster\src\modbusadapter.cpp @ 291 Read Data failed.  "Error : No error" 
ERROR 2026-03-13T12:30:02.240 ..\..\qModMaster\src\modbusadapter.cpp @ 291 Read Data failed.  "Error : No error" 
ERROR 2026-03-13T12:30:03.237 ..\..\qModMaster\src\modbusadapter.cpp @ 291 Read Data failed.  "Error : No error" 
ERROR 2026-03-13T12:30:04.241 ..\..\qModMaster\src\modbusadapter.cpp @ 291 Read Data failed.  "Error : No error" 
ERROR 2026-03-13T12:30:05.239 ..\..\qModMaster\src\modbusadapter.cpp @ 291 Read Data failed.  "Error : No error" 
ERROR 2026-03-13T12:30:06.240 ..\..\qModMaster\src\modbusadapter.cpp @ 291 Read Data failed.  "Error : No error" 
ERROR 2026-03-13T12:30:07.238 ..\..\qModMaster\src\modbusadapter.cpp @ 291 Read Data failed.  "Error : No error" 
ERROR 2026-03-13T12:30:08.238 ..\..\qModMaster\src\modbusadapter.cpp @ 291 Read Data failed.  "Error : No error" 
ERROR 2026-03-13T12:30:09.236 ..\..\qModMaster\src\modbusadapter.cpp @ 291 Read Data failed.  "Error : No error" 
ERROR 2026-03-13T12:30:10.236 ..\..\qModMaster\src\modbusadapter.cpp @ 291 Read Data failed.  "Error : No error" 
ERROR 2026-03-13T12:30:11.236 ..\..\qModMaster\src\modbusadapter.cpp @ 291 Read Data failed.  "Error : No error" 
ERROR 2026-03-13T12:30:12.235 ..\..\qModMaster\src\modbusadapter.cpp @ 291 Read Data failed.  "Error : No error" 
ERROR 2026-03-13T12:30:13.237 ..\..\qModMaster\src\modbusadapter.cpp @ 291 Read Data failed.  "Error : No error" 
ERROR 2026-03-13T12:30:14.239 ..\..\qModMaster\src\modbusadapter.cpp @ 291 Read Data failed.  "Error : No error" 
ERROR 2026-03-13T12:30:15.244 ..\..\qModMaster\src\modbusadapter.cpp @ 291 Read Data failed.  "Error : No error" 
ERROR 2026-03-13T12:30:16.245 ..\..\qModMaster\src\modbusadapter.cpp @ 291 Read Data failed.  "Error : No error" 
ERROR 2026-03-13T12:30:17.245 ..\..\qModMaster\src\modbusadapter.cpp @ 291 Read Data failed.  "Error : No error" 
ERROR 2026-03-13T12:30:18.241 ..\..\qModMaster\src\modbusadapter.cpp @ 291 Read Data failed.  "Error : No error" 
ERROR 2026-03-13T12:30:19.240 ..\..\qModMaster\src\modbusadapter.cpp @ 291 Read Data failed.  "Error : No error" 
ERROR 2026-03-13T12:30:20.238 ..\..\qModMaster\src\modbusadapter.cpp @ 291 Read Data failed.  "Error : No error" 
ERROR 2026-03-13T12:30:21.238 ..\..\qModMaster\src\modbusadapter.cpp @ 291 Read Data failed.  "Error : No error" 
ERROR 2026-03-13T12:30:22.245 ..\..\qModMaster\src\modbusadapter.cpp @ 291 Read Data failed.  "Error : No error" 
ERROR 2026-03-13T12:30:23.240 ..\..\qModMaster\src\modbusadapter.cpp @ 291 Read Data failed.  "Error : No error" 
ERROR 2026-03-13T12:30:24.247 ..\..\qModMaster\src\modbusadapter.cpp @ 291 Read Data failed.  "Error : No error" 
ERROR 2026-03-13T12:30:25.239 ..\..\qModMaster\src\modbusadapter.cpp @ 291 Read Data failed.  "Error : No error" 
ERROR 2026-03-13T12:30:26.248 ..\..\qModMaster\src\modbusadapter.cpp @ 291 Read Data failed.  "Error : No error" 
ERROR 2026-03-13T12:30:27.238 ..\..\qModMaster\src\modbusadapter.cpp @ 291 Read Data failed.  "Error : No error" 
ERROR 2026-03-13T12:30:28.236 ..\..\qModMaster\src\modbusadapter.cpp @ 291 Read Data failed.  "Error : No error" 
ERROR 2026-03-13T12:30:29.237 ..\..\qModMaster\src\modbusadapter.cpp @ 291 Read Data failed.  "Error : No error" 
ERROR 2026-03-13T12:30:30.251 ..\..\qModMaster\src\modbusadapter.cpp @ 291 Read Data failed.  "Error : No error" 
ERROR 2026-03-13T12:30:31.252 ..\..\qModMaster\src\modbusadapter.cpp @ 291 Read Data failed.  "Error : No error" 
ERROR 2026-03-13T12:30:32.254 ..\..\qModMaster\src\modbusadapter.cpp @ 291 Read Data failed.  "Error : No error" 
ERROR 2026-03-13T12:30:33.268 ..\..\qModMaster\src\modbusadapter.cpp @ 291 Read Data failed.  "Error : No error" 
ERROR 2026-03-13T12:30:34.279 ..\..\qModMaster\src\modbusadapter.cpp @ 291 Read Data failed.  "Error : No error" 
ERROR 2026-03-13T12:30:35.293 ..\..\qModMaster\src\modbusadapter.cpp @ 291 Read Data failed.  "Error : No error" 
ERROR 2026-03-13T12:30:36.295 ..\..\qModMaster\src\modbusadapter.cpp @ 291 Read Data failed.  "Error : No error" 
ERROR 2026-03-13T12:30:37.309 ..\..\qModMaster\src\modbusadapter.cpp @ 291 Read Data failed.  "Error : No error" 
ERROR 2026-03-13T12:30:38.304 ..\..\qModMaster\src\modbusadapter.cpp @ 291 Read Data failed.  "Error : No error" 
ERROR 2026-03-13T12:30:39.305 ..\..\qModMaster\src\modbusadapter.cpp @ 291 Read Data failed.  "Error : No error" 
ERROR 2026-03-13T12:30:40.305 ..\..\qModMaster\src\modbusadapter.cpp @ 291 Read Data failed.  "Error : No error" 
ERROR 2026-03-13T12:30:41.303 ..\..\qModMaster\src\modbusadapter.cpp @ 291 Read Data failed.  "Error : No error" 
ERROR 2026-03-13T12:30:42.302 ..\..\qModMaster\src\modbusadapter.cpp @ 291 Read Data failed.  "Error : No error" 
ERROR 2026-03-13T12:30:43.299 ..\..\qModMaster\src\modbusadapter.cpp @ 291 Read Data failed.  "Error : No error" 
ERROR 2026-03-13T12:30:44.296 ..\..\qModMaster\src\modbusadapter.cpp @ 291 Read Data failed.  "Error : No error" 
ERROR 2026-03-13T12:30:45.297 ..\..\qModMaster\src\modbusadapter.cpp @ 291 Read Data failed.  "Error : No error" 
ERROR 2026-03-13T12:30:46.309 ..\..\qModMaster\src\modbusadapter.cpp @ 291 Read Data failed.  "Error : No error" 
ERROR 2026-03-13T12:30:47.309 ..\..\qModMaster\src\modbusadapter.cpp @ 291 Read Data failed.  "Error : No error" 
ERROR 2026-03-13T12:30:48.302 ..\..\qModMaster\src\modbusadapter.cpp @ 291 Read Data failed.  "Error : No error" 
ERROR 2026-03-13T12:30:49.308 ..\..\qModMaster\src\modbusadapter.cpp @ 291 Read Data failed.  "Error : No error" 
ERROR 2026-03-13T12:30:50.310 ..\..\qModMaster\src\modbusadapter.cpp @ 291 Read Data failed.  "Error : No error" 
ERROR 2026-03-13T12:30:51.306 ..\..\qModMaster\src\modbusadapter.cpp @ 291 Read Data failed.  "Error : No error" 
ERROR 2026-03-13T12:30:52.302 ..\..\qModMaster\src\modbusadapter.cpp @ 291 Read Data failed.  "Error : No error" 
ERROR 2026-03-13T12:30:53.302 ..\..\qModMaster\src\modbusadapter.cpp @ 291 Read Data failed.  "Error : No error" 
ERROR 2026-03-13T12:30:54.300 ..\..\qModMaster\src\modbusadapter.cpp @ 291 Read Data failed.  "Error : No error" 
ERROR 2026-03-13T12:30:55.297 ..\..\qModMaster\src\modbusadapter.cpp @ 291 Read Data failed.  "Error : No error" 
ERROR 2026-03-13T12:30:56.297 ..\..\qModMaster\src\modbusadapter.cpp @ 291 Read Data failed.  "Error : No error" 
ERROR 2026-03-13T12:30:57.309 ..\..\qModMaster\src\modbusadapter.cpp @ 291 Read Data failed.  "Error : No error" 
ERROR 2026-03-13T12:30:58.307 ..\..\qModMaster\src\modbusadapter.cpp @ 291 Read Data failed.  "Error : No error" 
ERROR 2026-03-13T12:30:59.300 ..\..\qModMaster\src\modbusadapter.cpp @ 291 Read Data failed.  "Error : No error" 
ERROR 2026-03-13T12:31:00.302 ..\..\qModMaster\src\modbusadapter.cpp @ 291 Read Data failed.  "Error : No error" 
ERROR 2026-03-13T12:31:01.305 ..\..\qModMaster\src\modbusadapter.cpp @ 291 Read Data failed.  "Error : No error" 
ERROR 2026-03-13T12:31:02.310 ..\..\qModMaster\src\modbusadapter.cpp @ 291 Read Data failed.  "Error : No error" 
ERROR 2026-03-13T12:31:03.308 ..\..\qModMaster\src\modbusadapter.cpp @ 291 Read Data failed.  "Error : No error" 
ERROR 2026-03-13T12:31:04.300 ..\..\qModMaster\src\modbusadapter.cpp @ 291 Read Data failed.  "Error : No error" 
ERROR 2026-03-13T12:31:05.300 ..\..\qModMaster\src\modbusadapter.cpp @ 291 Read Data failed.  "Error : No error" 
ERROR 2026-03-13T12:31:06.302 ..\..\qModMaster\src\modbusadapter.cpp @ 291 Read Data failed.  "Error : No error" 
ERROR 2026-03-13T12:31:07.310 ..\..\qModMaster\src\modbusadapter.cpp @ 291 Read Data failed.  "Error : No error" 
ERROR 2026-03-13T12:31:08.306 ..\..\qModMaster\src\modbusadapter.cpp @ 291 Read Data failed.  "Error : No error" 
ERROR 2026-03-13T12:31:09.303 ..\..\qModMaster\src\modbusadapter.cpp @ 291 Read Data failed.  "Error : No error" 
ERROR 2026-03-13T12:31:10.302 ..\..\qModMaster\src\modbusadapter.cpp @ 291 Read Data failed.  "Error : No error" 
ERROR 2026-03-13T12:31:11.304 ..\..\qModMaster\src\modbusadapter.cpp @ 291 Read Data failed.  "Error : No error" 
ERROR 2026-03-13T12:31:12.301 ..\..\qModMaster\src\modbusadapter.cpp @ 291 Read Data failed.  "Error : No error" 
ERROR 2026-03-13T12:31:13.304 ..\..\qModMaster\src\modbusadapter.cpp @ 291 Read Data failed.  "Error : No error" 
ERROR 2026-03-13T12:31:14.304 ..\..\qModMaster\src\modbusadapter.cpp @ 291 Read Data failed.  "Error : No error" 
ERROR 2026-03-13T12:31:15.307 ..\..\qModMaster\src\modbusadapter.cpp @ 291 Read Data failed.  "Error : No error" 
ERROR 2026-03-13T12:31:16.307 ..\..\qModMaster\src\modbusadapter.cpp @ 291 Read Data failed.  "Error : No error" 
ERROR 2026-03-13T12:31:17.313 ..\..\qModMaster\src\modbusadapter.cpp @ 291 Read Data failed.  "Error : No error" 
ERROR 2026-03-13T12:31:18.313 ..\..\qModMaster\src\modbusadapter.cpp @ 291 Read Data failed.  "Error : No error" 
ERROR 2026-03-13T12:31:19.316 ..\..\qModMaster\src\modbusadapter.cpp @ 291 Read Data failed.  "Error : No error" 
ERROR 2026-03-13T12:31:20.318 ..\..\qModMaster\src\modbusadapter.cpp @ 291 Read Data failed.  "Error : No error" 
ERROR 2026-03-13T12:31:21.322 ..\..\qModMaster\src\modbusadapter.cpp @ 291 Read Data failed.  "Error : No error" 
ERROR 2026-03-13T12:31:22.321 ..\..\qModMaster\src\modbusadapter.cpp @ 291 Read Data failed.  "Error : No error" 
ERROR 2026-03-13T12:31:23.315 ..\..\qModMaster\src\modbusadapter.cpp @ 291 Read Data failed.  "Error : No error" 
ERROR 2026-03-13T12:31:24.314 ..\..\qModMaster\src\modbusadapter.cpp @ 291 Read Data failed.  "Error : No error" 
ERROR 2026-03-13T12:31:25.311 ..\..\qModMaster\src\modbusadapter.cpp @ 291 Read Data failed.  "Error : No error" 
ERROR 2026-03-13T12:31:26.326 ..\..\qModMaster\src\modbusadapter.cpp @ 291 Read Data failed.  "Error : No error" 
ERROR 2026-03-13T12:31:27.324 ..\..\qModMaster\src\modbusadapter.cpp @ 291 Read Data failed.  "Error : No error" 
ERROR 2026-03-13T12:31:28.321 ..\..\qModMaster\src\modbusadapter.cpp @ 291 Read Data failed.  "Error : No error" 
ERROR 2026-03-13T12:31:29.325 ..\..\qModMaster\src\modbusadapter.cpp @ 291 Read Data failed.  "Error : No error" 
ERROR 2026-03-13T12:31:30.341 ..\..\qModMaster\src\modbusadapter.cpp @ 291 Read Data failed.  "Error : No error" 
ERROR 2026-03-13T12:31:31.338 ..\..\qModMaster\src\modbusadapter.cpp @ 291 Read Data failed.  "Error : No error" 
ERROR 2026-03-13T12:31:32.342 ..\..\qModMaster\src\modbusadapter.cpp @ 291 Read Data failed.  "Error : No error" 
ERROR 2026-03-13T12:31:33.340 ..\..\qModMaster\src\modbusadapter.cpp @ 291 Read Data failed.  "Error : No error" 
ERROR 2026-03-13T12:31:34.329 ..\..\qModMaster\src\modbusadapter.cpp @ 291 Read Data failed.  "Error : No error" 
ERROR 2026-03-13T12:31:35.333 ..\..\qModMaster\src\modbusadapter.cpp @ 291 Read Data failed.  "Error : No error" 
ERROR 2026-03-13T12:31:36.330 ..\..\qModMaster\src\modbusadapter.cpp @ 291 Read Data failed.  "Error : No error" 
ERROR 2026-03-13T12:31:37.338 ..\..\qModMaster\src\modbusadapter.cpp @ 291 Read Data failed.  "Error : No error" 
ERROR 2026-03-13T12:31:38.336 ..\..\qModMaster\src\modbusadapter.cpp @ 291 Read Data failed.  "Error : No error" 
ERROR 2026-03-13T12:31:39.337 ..\..\qModMaster\src\modbusadapter.cpp @ 291 Read Data failed.  "Error : No error" 
ERROR 2026-03-13T12:31:40.334 ..\..\qModMaster\src\modbusadapter.cpp @ 291 Read Data failed.  "Error : No error" 
ERROR 2026-03-13T12:31:41.330 ..\..\qModMaster\src\modbusadapter.cpp @ 291 Read Data failed.  "Error : No error" 
ERROR 2026-03-13T12:31:42.328 ..\..\qModMaster\src\modbusadapter.cpp @ 291 Read Data failed.  "Error : No error" 
ERROR 2026-03-13T12:31:43.328 ..\..\qModMaster\src\modbusadapter.cpp @ 291 Read Data failed.  "Error : No error" 
ERROR 2026-03-13T12:31:44.343 ..\..\qModMaster\src\modbusadapter.cpp @ 291 Read Data failed.  "Error : No error" 
ERROR 2026-03-13T12:31:45.349 ..\..\qModMaster\src\modbusadapter.cpp @ 291 Read Data failed.  "Error : No error" 
ERROR 2026-03-13T12:31:46.369 ..\..\qModMaster\src\modbusadapter.cpp @ 291 Read Data failed.  "Error : No error" 
ERROR 2026-03-13T12:33:11.608 ..\..\qModMaster\src\modbusadapter.cpp @ 291 Read Data failed.  "Error : Timeout" 
ERROR 2026-03-13T12:33:12.752 ..\..\qModMaster\src\modbusadapter.cpp @ 291 Read Data failed.  "Error : Invalid data" 
ERROR 2026-03-13T12:39:42.030 ..\..\qModMaster\src\modbusadapter.cpp @ 291 Read Data failed.  "Error : No error" 
ERROR 2026-03-13T12:39:43.047 ..\..\qModMaster\src\modbusadapter.cpp @ 291 Read Data failed.  "Error : No error" 
ERROR 2026-03-13T12:39:44.073 ..\..\qModMaster\src\modbusadapter.cpp @ 291 Read Data failed.  "Error : No error" 
ERROR 2026-03-13T12:39:45.087 ..\..\qModMaster\src\modbusadapter.cpp @ 291 Read Data failed.  "Error : No error" 
ERROR 2026-03-13T12:39:46.080 ..\..\qModMaster\src\modbusadapter.cpp @ 291 Read Data failed.  "Error : No error" 
ERROR 2026-03-13T12:39:47.083 ..\..\qModMaster\src\modbusadapter.cpp @ 291 Read Data failed.  "Error : No error" 
ERROR 2026-03-13T12:39:48.088 ..\..\qModMaster\src\modbusadapter.cpp @ 291 Read Data failed.  "Error : No error" 
ERROR 2026-03-13T12:39:49.089 ..\..\qModMaster\src\modbusadapter.cpp @ 291 Read Data failed.  "Error : No error" 
ERROR 2026-03-13T12:39:50.089 ..\..\qModMaster\src\modbusadapter.cpp @ 291 Read Data failed.  "Error : No error" 
ERROR 2026-03-13T12:39:51.084 ..\..\qModMaster\src\modbusadapter.cpp @ 291 Read Data failed.  "Error : No error" 
ERROR 2026-03-13T12:39:52.078 ..\..\qModMaster\src\modbusadapter.cpp @ 291 Read Data failed.  "Error : No error" 
ERROR 2026-03-13T12:39:53.092 ..\..\qModMaster\src\modbusadapter.cpp @ 291 Read Data failed.  "Error : No error" 
ERROR 2026-03-13T12:39:54.086 ..\..\qModMaster\src\modbusadapter.cpp @ 291 Read Data failed.  "Error : No error" 
ERROR 2026-03-13T12:39:55.080 ..\..\qModMaster\src\modbusadapter.cpp @ 291 Read Data failed.  "Error : No error" 
ERROR 2026-03-13T12:39:56.078 ..\..\qModMaster\src\modbusadapter.cpp @ 291 Read Data failed.  "Error : No error" 
ERROR 2026-03-13T12:39:57.078 ..\..\qModMaster\src\modbusadapter.cpp @ 291 Read Data failed.  "Error : No error" 
ERROR 2026-03-13T12:39:58.079 ..\..\qModMaster\src\modbusadapter.cpp @ 291 Read Data failed.  "Error : No error" 
ERROR 2026-03-13T12:39:59.077 ..\..\qModMaster\src\modbusadapter.cpp @ 291 Read Data failed.  "Error : No error" 
ERROR 2026-03-13T12:40:00.091 ..\..\qModMaster\src\modbusadapter.cpp @ 291 Read Data failed.  "Error : No error" 
ERROR 2026-03-13T12:40:01.092 ..\..\qModMaster\src\modbusadapter.cpp @ 291 Read Data failed.  "Error : No error" 
ERROR 2026-03-13T12:40:02.091 ..\..\qModMaster\src\modbusadapter.cpp @ 291 Read Data failed.  "Error : No error" 
ERROR 2026-03-13T12:40:03.089 ..\..\qModMaster\src\modbusadapter.cpp @ 291 Read Data failed.  "Error : No error" 
ERROR 2026-03-13T12:40:04.087 ..\..\qModMaster\src\modbusadapter.cpp @ 291 Read Data failed.  "Error : No error" 
ERROR 2026-03-13T12:40:05.084 ..\..\qModMaster\src\modbusadapter.cpp @ 291 Read Data failed.  "Error : No error" 
ERROR 2026-03-13T12:40:06.098 ..\..\qModMaster\src\modbusadapter.cpp @ 291 Read Data failed.  "Error : No error" 
ERROR 2026-03-13T12:40:07.096 ..\..\qModMaster\src\modbusadapter.cpp @ 291 Read Data failed.  "Error : No error" 
ERROR 2026-03-13T12:40:08.104 ..\..\qModMaster\src\modbusadapter.cpp @ 291 Read Data failed.  "Error : No error" 
ERROR 2026-03-13T12:40:09.107 ..\..\qModMaster\src\modbusadapter.cpp @ 291 Read Data failed.  "Error : No error" 
ERROR 2026-03-13T12:40:10.104 ..\..\qModMaster\src\modbusadapter.cpp @ 291 Read Data failed.  "Error : No error" 
ERROR 2026-03-13T12:40:11.106 ..\..\qModMaster\src\modbusadapter.cpp @ 291 Read Data failed.  "Error : No error" 
ERROR 2026-03-13T12:40:12.099 ..\..\qModMaster\src\modbusadapter.cpp @ 291 Read Data failed.  "Error : No error" 
ERROR 2026-03-13T12:40:13.101 ..\..\qModMaster\src\modbusadapter.cpp @ 291 Read Data failed.  "Error : No error" 
ERROR 2026-03-13T12:40:14.100 ..\..\qModMaster\src\modbusadapter.cpp @ 291 Read Data failed.  "Error : No error" 
ERROR 2026-03-13T12:40:15.099 ..\..\qModMaster\src\modbusadapter.cpp @ 291 Read Data failed.  "Error : No error" 
ERROR 2026-03-13T12:40:16.098 ..\..\qModMaster\src\modbusadapter.cpp @ 291 Read Data failed.  "Error : No error" 
ERROR 2026-03-13T12:40:17.101 ..\..\qModMaster\src\modbusadapter.cpp @ 291 Read Data failed.  "Error : No error" 
ERROR 2026-03-13T12:40:18.099 ..\..\qModMaster\src\modbusadapter.cpp @ 291 Read Data failed.  "Error : No error" 
ERROR 2026-03-13T12:40:19.099 ..\..\qModMaster\src\modbusadapter.cpp @ 291 Read Data failed.  "Error : No error" 
ERROR 2026-03-13T12:40:20.097 ..\..\qModMaster\src\modbusadapter.cpp @ 291 Read Data failed.  "Error : No error" 
ERROR 2026-03-13T12:40:21.098 ..\..\qModMaster\src\modbusadapter.cpp @ 291 Read Data failed.  "Error : No error" 
ERROR 2026-03-13T12:40:22.107 ..\..\qModMaster\src\modbusadapter.cpp @ 291 Read Data failed.  "Error : No error" 
ERROR 2026-03-13T12:40:23.106 ..\..\qModMaster\src\modbusadapter.cpp @ 291 Read Data failed.  "Error : No error" 
ERROR 2026-03-13T12:40:24.097 ..\..\qModMaster\src\modbusadapter.cpp @ 291 Read Data failed.  "Error : No error" 
ERROR 2026-03-13T12:40:25.123 ..\..\qModMaster\src\modbusadapter.cpp @ 291 Read Data failed.  "Error : No error" 
ERROR 2026-03-13T12:40:26.133 ..\..\qModMaster\src\modbusadapter.cpp @ 291 Read Data failed.  "Error : No error" 
ERROR 2026-03-13T12:40:27.128 ..\..\qModMaster\src\modbusadapter.cpp @ 291 Read Data failed.  "Error : No error" 
ERROR 2026-03-13T12:40:28.129 ..\..\qModMaster\src\modbusadapter.cpp @ 291 Read Data failed.  "Error : No error" 
ERROR 2026-03-13T12:40:29.126 ..\..\qModMaster\src\modbusadapter.cpp @ 291 Read Data failed.  "Error : No error" 
ERROR 2026-03-13T12:40:30.125 ..\..\qModMaster\src\modbusadapter.cpp @ 291 Read Data failed.  "Error : No error" 
ERROR 2026-03-13T12:40:31.127 ..\..\qModMaster\src\modbusadapter.cpp @ 291 Read Data failed.  "Error : No error" 
ERROR 2026-03-13T12:40:32.140 ..\..\qModMaster\src\modbusadapter.cpp @ 291 Read Data failed.  "Error : No error" 
ERROR 2026-03-13T12:40:33.163 ..\..\qModMaster\src\modbusadapter.cpp @ 291 Read Data failed.  "Error : No error" 
ERROR 2026-03-13T12:40:34.157 ..\..\qModMaster\src\modbusadapter.cpp @ 291 Read Data failed.  "Error : No error" 
ERROR 2026-03-13T12:40:35.164 ..\..\qModMaster\src\modbusadapter.cpp @ 291 Read Data failed.  "Error : No error" 
ERROR 2026-03-13T12:40:36.396 ..\..\qModMaster\src\modbusadapter.cpp @ 136 Connection to IP :  "192.168.10.50" : 502 ...failed. Could not connect to TCP port 
ERROR 2026-03-16T14:56:52.615 ..\..\qModMaster\src\modbusadapter.cpp @ 136 Connection to IP :  "192.168.10.60" : 502 ...failed. Could not connect to TCP port 
ERROR 2026-03-16T14:59:35.073 ..\..\qModMaster\src\modbusadapter.cpp @ 136 Connection to IP :  "172.16.10.210" : 502 ...failed. Could not connect to TCP port 
ERROR 2026-03-16T15:00:08.683 ..\..\qModMaster\src\modbusadapter.cpp @ 136 Connection to IP :  "172.16.10.210" : 502 ...failed. Could not connect to TCP port 
